<?xml version="1.0" encoding="UTF-8"?>
<!-- Generated by org.testng.reporters.JUnitReportReporter -->
<testsuite hostname="akshay" name="report.com.VerifyPageTitle" tests="1" failures="0" timestamp="8 Dec 2018 08:38:05 GMT" time="29.698" errors="0">
  <testcase name="verifyTitle" time="29.698" classname="report.com.VerifyPageTitle"/>
</testsuite> <!-- report.com.VerifyPageTitle -->
